2023-01-30 12:51:41:5141 
       [31merror[39m: [31muncaughtException: Cannot find module '../auth/middlewares/authTokenValidation'[39m
[31mRequire stack:[39m
[31m- D:\Programs-in-React\canchas\canchitas-backend\src\cancha\canchaRoutes.ts[39m
[31m- D:\Programs-in-React\canchas\canchitas-backend\src\app.ts[39m
[31m- D:\Programs-in-React\canchas\canchitas-backend\src\index.ts[39m
[31mError: Cannot find module '../auth/middlewares/authTokenValidation'[39m
[31mRequire stack:[39m
[31m- D:\Programs-in-React\canchas\canchitas-backend\src\cancha\canchaRoutes.ts[39m
[31m- D:\Programs-in-React\canchas\canchitas-backend\src\app.ts[39m
[31m- D:\Programs-in-React\canchas\canchitas-backend\src\index.ts[39m
[31m    at Function.Module._resolveFilename (node:internal/modules/cjs/loader:995:15)[39m
[31m    at Function.Module._load (node:internal/modules/cjs/loader:841:27)[39m
[31m    at Module.require (node:internal/modules/cjs/loader:1061:19)[39m
[31m    at require (node:internal/modules/cjs/helpers:103:18)[39m
[31m    at Object.<anonymous> (D:\Programs-in-React\canchas\canchitas-backend\src\cancha\canchaRoutes.ts:1:1)[39m
[31m    at Module._compile (node:internal/modules/cjs/loader:1159:14)[39m
[31m    at Module._compile (D:\Programs-in-React\canchas\canchitas-backend\node_modules\source-map-support\source-map-support.js:568:25)[39m
[31m    at Module.m._compile (C:\Users\HP\AppData\Local\Temp\ts-node-dev-hook-15654804688618418.js:69:33)[39m
[31m    at Module._extensions..js (node:internal/modules/cjs/loader:1213:10)[39m
[31m    at require.extensions..jsx.require.extensions..js (C:\Users\HP\AppData\Local\Temp\ts-node-dev-hook-15654804688618418.js:114:20)[39m 
  
       instance: undefined 

       fn:undefined 

       trace: [object Object],[object Object],[object Object],[object Object],[object Object],[object Object],[object Object],[object Object],[object Object],[object Object]
2023-01-30 12:52:07:527 
       [31merror[39m: [31muncaughtException: Cannot find module '../auth/middlewares/authTokenValidation'[39m
[31mRequire stack:[39m
[31m- D:\Programs-in-React\canchas\canchitas-backend\src\cancha\canchaRoutes.ts[39m
[31m- D:\Programs-in-React\canchas\canchitas-backend\src\app.ts[39m
[31m- D:\Programs-in-React\canchas\canchitas-backend\src\index.ts[39m
[31mError: Cannot find module '../auth/middlewares/authTokenValidation'[39m
[31mRequire stack:[39m
[31m- D:\Programs-in-React\canchas\canchitas-backend\src\cancha\canchaRoutes.ts[39m
[31m- D:\Programs-in-React\canchas\canchitas-backend\src\app.ts[39m
[31m- D:\Programs-in-React\canchas\canchitas-backend\src\index.ts[39m
[31m    at Function.Module._resolveFilename (node:internal/modules/cjs/loader:995:15)[39m
[31m    at Function.Module._load (node:internal/modules/cjs/loader:841:27)[39m
[31m    at Module.require (node:internal/modules/cjs/loader:1061:19)[39m
[31m    at require (node:internal/modules/cjs/helpers:103:18)[39m
[31m    at Object.<anonymous> (D:\Programs-in-React\canchas\canchitas-backend\src\cancha\canchaRoutes.ts:1:1)[39m
[31m    at Module._compile (node:internal/modules/cjs/loader:1159:14)[39m
[31m    at Module._compile (D:\Programs-in-React\canchas\canchitas-backend\node_modules\source-map-support\source-map-support.js:568:25)[39m
[31m    at Module.m._compile (C:\Users\HP\AppData\Local\Temp\ts-node-dev-hook-15654804688618418.js:69:33)[39m
[31m    at Module._extensions..js (node:internal/modules/cjs/loader:1213:10)[39m
[31m    at require.extensions..jsx.require.extensions..js (C:\Users\HP\AppData\Local\Temp\ts-node-dev-hook-15654804688618418.js:114:20)[39m 
  
       instance: undefined 

       fn:undefined 

       trace: [object Object],[object Object],[object Object],[object Object],[object Object],[object Object],[object Object],[object Object],[object Object],[object Object]
2023-01-30 12:52:31:5231 
       [31merror[39m: [31muncaughtException: Cannot find module '../../customErrors/ApplicationError'[39m
[31mRequire stack:[39m
[31m- D:\Programs-in-React\canchas\canchitas-backend\src\cancha\controllers\deleteOneHatController.ts[39m
[31m- D:\Programs-in-React\canchas\canchitas-backend\src\cancha\controllers\index.ts[39m
[31m- D:\Programs-in-React\canchas\canchitas-backend\src\cancha\canchaRoutes.ts[39m
[31m- D:\Programs-in-React\canchas\canchitas-backend\src\app.ts[39m
[31m- D:\Programs-in-React\canchas\canchitas-backend\src\index.ts[39m
[31mError: Cannot find module '../../customErrors/ApplicationError'[39m
[31mRequire stack:[39m
[31m- D:\Programs-in-React\canchas\canchitas-backend\src\cancha\controllers\deleteOneHatController.ts[39m
[31m- D:\Programs-in-React\canchas\canchitas-backend\src\cancha\controllers\index.ts[39m
[31m- D:\Programs-in-React\canchas\canchitas-backend\src\cancha\canchaRoutes.ts[39m
[31m- D:\Programs-in-React\canchas\canchitas-backend\src\app.ts[39m
[31m- D:\Programs-in-React\canchas\canchitas-backend\src\index.ts[39m
[31m    at Function.Module._resolveFilename (node:internal/modules/cjs/loader:995:15)[39m
[31m    at Function.Module._load (node:internal/modules/cjs/loader:841:27)[39m
[31m    at Module.require (node:internal/modules/cjs/loader:1061:19)[39m
[31m    at require (node:internal/modules/cjs/helpers:103:18)[39m
[31m    at Object.<anonymous> (D:\Programs-in-React\canchas\canchitas-backend\src\cancha\controllers\deleteOneHatController.ts:1:1)[39m
[31m    at Module._compile (node:internal/modules/cjs/loader:1159:14)[39m
[31m    at Module._compile (D:\Programs-in-React\canchas\canchitas-backend\node_modules\source-map-support\source-map-support.js:568:25)[39m
[31m    at Module.m._compile (C:\Users\HP\AppData\Local\Temp\ts-node-dev-hook-15654804688618418.js:69:33)[39m
[31m    at Module._extensions..js (node:internal/modules/cjs/loader:1213:10)[39m
[31m    at require.extensions..jsx.require.extensions..js (C:\Users\HP\AppData\Local\Temp\ts-node-dev-hook-15654804688618418.js:114:20)[39m 
  
       instance: undefined 

       fn:undefined 

       trace: [object Object],[object Object],[object Object],[object Object],[object Object],[object Object],[object Object],[object Object],[object Object],[object Object]
2023-01-30 12:55:53:5553 
       [31merror[39m: [31merror creating a new Cancha service[39m 
  
       instance: services 

       fn:createCanchaService 

       trace: Cancha validation failed: estado: Path `estado` is required., ubicacion: Path `ubicacion` is required., direccion: Path `direccion` is required.
2023-01-30 12:55:53:5553 
       [31merror[39m: [31merror on create Cancha controller[39m 
  
       instance: controller 

       fn:createCanchaController 

       trace: Error creating a new Cancha Cancha validation failed: estado: Path `estado` is required., ubicacion: Path `ubicacion` is required., direccion: Path `direccion` is required.
2023-01-30 13:03:50:350 
       [31merror[39m: [31merror validating body request El número de aparcamientos es obligatorio[39m 
  
       instance: middlewares schema validation 

       fn:undefined 

       trace: El número de aparcamientos es obligatorio
2023-01-30 13:19:54:1954 
       [31merror[39m: [31muncaughtException: Cannot find module './deleteOneCanchaController'[39m
[31mRequire stack:[39m
[31m- D:\Programs-in-React\canchas\canchitas-backend\src\cancha\controllers\index.ts[39m
[31m- D:\Programs-in-React\canchas\canchitas-backend\src\cancha\canchaRoutes.ts[39m
[31m- D:\Programs-in-React\canchas\canchitas-backend\src\app.ts[39m
[31m- D:\Programs-in-React\canchas\canchitas-backend\src\index.ts[39m
[31mError: Cannot find module './deleteOneCanchaController'[39m
[31mRequire stack:[39m
[31m- D:\Programs-in-React\canchas\canchitas-backend\src\cancha\controllers\index.ts[39m
[31m- D:\Programs-in-React\canchas\canchitas-backend\src\cancha\canchaRoutes.ts[39m
[31m- D:\Programs-in-React\canchas\canchitas-backend\src\app.ts[39m
[31m- D:\Programs-in-React\canchas\canchitas-backend\src\index.ts[39m
[31m    at Function.Module._resolveFilename (node:internal/modules/cjs/loader:995:15)[39m
[31m    at Function.Module._load (node:internal/modules/cjs/loader:841:27)[39m
[31m    at Module.require (node:internal/modules/cjs/loader:1061:19)[39m
[31m    at require (node:internal/modules/cjs/helpers:103:18)[39m
[31m    at Object.<anonymous> (D:\Programs-in-React\canchas\canchitas-backend\src\cancha\controllers\index.ts:2:1)[39m
[31m    at Module._compile (node:internal/modules/cjs/loader:1159:14)[39m
[31m    at Module._compile (D:\Programs-in-React\canchas\canchitas-backend\node_modules\source-map-support\source-map-support.js:568:25)[39m
[31m    at Module.m._compile (C:\Users\HP\AppData\Local\Temp\ts-node-dev-hook-15654804688618418.js:69:33)[39m
[31m    at Module._extensions..js (node:internal/modules/cjs/loader:1213:10)[39m
[31m    at require.extensions..jsx.require.extensions..js (C:\Users\HP\AppData\Local\Temp\ts-node-dev-hook-15654804688618418.js:114:20)[39m 
  
       instance: undefined 

       fn:undefined 

       trace: [object Object],[object Object],[object Object],[object Object],[object Object],[object Object],[object Object],[object Object],[object Object],[object Object]
2023-01-31 15:59:41:5941 
       [31merror[39m: [31muncaughtException: Cannot find module '../../shared/factory/updateOneResourceById'[39m
[31mRequire stack:[39m
[31m- D:\Programs-in-React\canchas\canchitas-backend\src\cancha\services\editOneCanchaService.ts[39m
[31m- D:\Programs-in-React\canchas\canchitas-backend\src\cancha\services\index.ts[39m
[31m- D:\Programs-in-React\canchas\canchitas-backend\src\cancha\controllers\createCanchaController.ts[39m
[31m- D:\Programs-in-React\canchas\canchitas-backend\src\cancha\controllers\index.ts[39m
[31m- D:\Programs-in-React\canchas\canchitas-backend\src\cancha\canchaRoutes.ts[39m
[31m- D:\Programs-in-React\canchas\canchitas-backend\src\app.ts[39m
[31m- D:\Programs-in-React\canchas\canchitas-backend\src\index.ts[39m
[31mError: Cannot find module '../../shared/factory/updateOneResourceById'[39m
[31mRequire stack:[39m
[31m- D:\Programs-in-React\canchas\canchitas-backend\src\cancha\services\editOneCanchaService.ts[39m
[31m- D:\Programs-in-React\canchas\canchitas-backend\src\cancha\services\index.ts[39m
[31m- D:\Programs-in-React\canchas\canchitas-backend\src\cancha\controllers\createCanchaController.ts[39m
[31m- D:\Programs-in-React\canchas\canchitas-backend\src\cancha\controllers\index.ts[39m
[31m- D:\Programs-in-React\canchas\canchitas-backend\src\cancha\canchaRoutes.ts[39m
[31m- D:\Programs-in-React\canchas\canchitas-backend\src\app.ts[39m
[31m- D:\Programs-in-React\canchas\canchitas-backend\src\index.ts[39m
[31m    at Function.Module._resolveFilename (node:internal/modules/cjs/loader:995:15)[39m
[31m    at Function.Module._load (node:internal/modules/cjs/loader:841:27)[39m
[31m    at Module.require (node:internal/modules/cjs/loader:1061:19)[39m
[31m    at require (node:internal/modules/cjs/helpers:103:18)[39m
[31m    at Object.<anonymous> (D:\Programs-in-React\canchas\canchitas-backend\src\cancha\services\editOneCanchaService.ts:3:1)[39m
[31m    at Module._compile (node:internal/modules/cjs/loader:1159:14)[39m
[31m    at Module._compile (D:\Programs-in-React\canchas\canchitas-backend\node_modules\source-map-support\source-map-support.js:568:25)[39m
[31m    at Module.m._compile (C:\Users\HP\AppData\Local\Temp\ts-node-dev-hook-26583915991849305.js:69:33)[39m
[31m    at Module._extensions..js (node:internal/modules/cjs/loader:1213:10)[39m
[31m    at require.extensions..jsx.require.extensions..js (C:\Users\HP\AppData\Local\Temp\ts-node-dev-hook-26583915991849305.js:114:20)[39m 
  
       instance: undefined 

       fn:undefined 

       trace: [object Object],[object Object],[object Object],[object Object],[object Object],[object Object],[object Object],[object Object],[object Object],[object Object]
2023-01-31 16:44:32:4432 
       [31merror[39m: [31muncaughtException: Cannot find module 'shared/logger/appLogger'[39m
[31mRequire stack:[39m
[31m- D:\Programs-in-React\canchas\canchitas-backend\src\cancha\services\getOneCanchaByIdService.ts[39m
[31m- D:\Programs-in-React\canchas\canchitas-backend\src\cancha\services\index.ts[39m
[31m- D:\Programs-in-React\canchas\canchitas-backend\src\cancha\controllers\createCanchaController.ts[39m
[31m- D:\Programs-in-React\canchas\canchitas-backend\src\cancha\controllers\index.ts[39m
[31m- D:\Programs-in-React\canchas\canchitas-backend\src\cancha\canchaRoutes.ts[39m
[31m- D:\Programs-in-React\canchas\canchitas-backend\src\app.ts[39m
[31m- D:\Programs-in-React\canchas\canchitas-backend\src\index.ts[39m
[31mError: Cannot find module 'shared/logger/appLogger'[39m
[31mRequire stack:[39m
[31m- D:\Programs-in-React\canchas\canchitas-backend\src\cancha\services\getOneCanchaByIdService.ts[39m
[31m- D:\Programs-in-React\canchas\canchitas-backend\src\cancha\services\index.ts[39m
[31m- D:\Programs-in-React\canchas\canchitas-backend\src\cancha\controllers\createCanchaController.ts[39m
[31m- D:\Programs-in-React\canchas\canchitas-backend\src\cancha\controllers\index.ts[39m
[31m- D:\Programs-in-React\canchas\canchitas-backend\src\cancha\canchaRoutes.ts[39m
[31m- D:\Programs-in-React\canchas\canchitas-backend\src\app.ts[39m
[31m- D:\Programs-in-React\canchas\canchitas-backend\src\index.ts[39m
[31m    at Function.Module._resolveFilename (node:internal/modules/cjs/loader:995:15)[39m
[31m    at Function.Module._load (node:internal/modules/cjs/loader:841:27)[39m
[31m    at Module.require (node:internal/modules/cjs/loader:1061:19)[39m
[31m    at require (node:internal/modules/cjs/helpers:103:18)[39m
[31m    at Object.<anonymous> (D:\Programs-in-React\canchas\canchitas-backend\src\cancha\services\getOneCanchaByIdService.ts:4:1)[39m
[31m    at Module._compile (node:internal/modules/cjs/loader:1159:14)[39m
[31m    at Module._compile (D:\Programs-in-React\canchas\canchitas-backend\node_modules\source-map-support\source-map-support.js:568:25)[39m
[31m    at Module.m._compile (C:\Users\HP\AppData\Local\Temp\ts-node-dev-hook-5753863925290008.js:69:33)[39m
[31m    at Module._extensions..js (node:internal/modules/cjs/loader:1213:10)[39m
[31m    at require.extensions..jsx.require.extensions..js (C:\Users\HP\AppData\Local\Temp\ts-node-dev-hook-5753863925290008.js:114:20)[39m 
  
       instance: undefined 

       fn:undefined 

       trace: [object Object],[object Object],[object Object],[object Object],[object Object],[object Object],[object Object],[object Object],[object Object],[object Object]
2023-01-31 17:03:15:315 
       [31merror[39m: [31mError on get all Canchas controller[39m 
  
       instance: controllers 

       fn:undefined 

       trace: Cannot read properties of undefined (reading 'id')
2023-01-31 22:19:11:1911 
       [31merror[39m: [31muncaughtException: Cannot find module 'cancha/entity/CanchaModel'[39m
[31mRequire stack:[39m
[31m- D:\Programs-in-React\canchas\canchitas-backend\src\cancha\services\updateCanchaService.ts[39m
[31m- D:\Programs-in-React\canchas\canchitas-backend\src\cancha\services\index.ts[39m
[31m- D:\Programs-in-React\canchas\canchitas-backend\src\cancha\controllers\createCanchaController.ts[39m
[31m- D:\Programs-in-React\canchas\canchitas-backend\src\cancha\controllers\index.ts[39m
[31m- D:\Programs-in-React\canchas\canchitas-backend\src\cancha\canchaRoutes.ts[39m
[31m- D:\Programs-in-React\canchas\canchitas-backend\src\app.ts[39m
[31m- D:\Programs-in-React\canchas\canchitas-backend\src\index.ts[39m
[31mError: Cannot find module 'cancha/entity/CanchaModel'[39m
[31mRequire stack:[39m
[31m- D:\Programs-in-React\canchas\canchitas-backend\src\cancha\services\updateCanchaService.ts[39m
[31m- D:\Programs-in-React\canchas\canchitas-backend\src\cancha\services\index.ts[39m
[31m- D:\Programs-in-React\canchas\canchitas-backend\src\cancha\controllers\createCanchaController.ts[39m
[31m- D:\Programs-in-React\canchas\canchitas-backend\src\cancha\controllers\index.ts[39m
[31m- D:\Programs-in-React\canchas\canchitas-backend\src\cancha\canchaRoutes.ts[39m
[31m- D:\Programs-in-React\canchas\canchitas-backend\src\app.ts[39m
[31m- D:\Programs-in-React\canchas\canchitas-backend\src\index.ts[39m
[31m    at Function.Module._resolveFilename (node:internal/modules/cjs/loader:995:15)[39m
[31m    at Function.Module._load (node:internal/modules/cjs/loader:841:27)[39m
[31m    at Module.require (node:internal/modules/cjs/loader:1061:19)[39m
[31m    at require (node:internal/modules/cjs/helpers:103:18)[39m
[31m    at Object.<anonymous> (D:\Programs-in-React\canchas\canchitas-backend\src\cancha\services\updateCanchaService.ts:2:1)[39m
[31m    at Module._compile (node:internal/modules/cjs/loader:1159:14)[39m
[31m    at Module._compile (D:\Programs-in-React\canchas\canchitas-backend\node_modules\source-map-support\source-map-support.js:568:25)[39m
[31m    at Module.m._compile (C:\Users\HP\AppData\Local\Temp\ts-node-dev-hook-02659163211550064.js:69:33)[39m
[31m    at Module._extensions..js (node:internal/modules/cjs/loader:1213:10)[39m
[31m    at require.extensions..jsx.require.extensions..js (C:\Users\HP\AppData\Local\Temp\ts-node-dev-hook-02659163211550064.js:114:20)[39m 
  
       instance: undefined 

       fn:undefined 

       trace: [object Object],[object Object],[object Object],[object Object],[object Object],[object Object],[object Object],[object Object],[object Object],[object Object]
2023-01-31 22:23:44:2344 
       [31merror[39m: [31muncaughtException: ⨯ Unable to compile TypeScript:[39m
[31msrc/cancha/canchaRoutes.ts(25,3): error TS1128: Declaration or statement expected.[39m

[31mError: ⨯ Unable to compile TypeScript:[39m
[31msrc/cancha/canchaRoutes.ts(25,3): error TS1128: Declaration or statement expected.[39m

[31m    at Object.<anonymous> (D:\Programs-in-React\canchas\canchitas-backend\src\cancha\canchaRoutes.ts:1:7)[39m
[31m    at Module._compile (node:internal/modules/cjs/loader:1159:14)[39m
[31m    at Module._compile (D:\Programs-in-React\canchas\canchitas-backend\node_modules\source-map-support\source-map-support.js:568:25)[39m
[31m    at Module.m._compile (C:\Users\HP\AppData\Local\Temp\ts-node-dev-hook-02659163211550064.js:69:33)[39m
[31m    at Module._extensions..js (node:internal/modules/cjs/loader:1213:10)[39m
[31m    at require.extensions..jsx.require.extensions..js (C:\Users\HP\AppData\Local\Temp\ts-node-dev-hook-02659163211550064.js:114:20)[39m
[31m    at require.extensions.<computed> (C:\Users\HP\AppData\Local\Temp\ts-node-dev-hook-02659163211550064.js:71:20)[39m
[31m    at Object.nodeDevHook [as .ts] (D:\Programs-in-React\canchas\canchitas-backend\node_modules\ts-node-dev\lib\hook.js:63:13)[39m
[31m    at Module.load (node:internal/modules/cjs/loader:1037:32)[39m
[31m    at Function.Module._load (node:internal/modules/cjs/loader:878:12)[39m 
  
       instance: undefined 

       fn:undefined 

       trace: [object Object],[object Object],[object Object],[object Object],[object Object],[object Object],[object Object],[object Object],[object Object],[object Object]
